<?xml version="1.0" encoding="UTF-8"?>
<!-- Generated by org.testng.reporters.JUnitReportReporter -->
<testsuite hostname="DESKTOP-1E0P04C" failures="0" tests="1" name="alertboxdemo_pac.RightClick" time="15.120" errors="0" timestamp="2023-01-19T15:37:44 IST" skipped="0">
  <testcase classname="alertboxdemo_pac.RightClick" name="alert" time="15.120"/>
  <system-out/>
</testsuite> <!-- alertboxdemo_pac.RightClick -->
