<?xml version="1.0" encoding="UTF-8"?>
<!-- Generated by org.testng.reporters.JUnitReportReporter -->
<testsuite hostname="DESKTOP-1E0P04C" failures="0" tests="1" name="alertboxdemo_pac.DragDrop" time="16.361" errors="0" timestamp="2023-01-19T16:07:05 IST" skipped="0">
  <testcase classname="alertboxdemo_pac.DragDrop" name="alert" time="16.361"/>
  <system-out/>
</testsuite> <!-- alertboxdemo_pac.DragDrop -->
