<?xml version="1.0" encoding="UTF-8"?>
<!-- Generated by org.testng.reporters.JUnitReportReporter -->
<testsuite hostname="DESKTOP-1E0P04C" failures="0" tests="1" name="testngpack.NewTestselectDemo" time="2.373" errors="0" timestamp="2023-01-06T17:24:16 IST" skipped="0">
  <testcase classname="testngpack.NewTestselectDemo" name="Balabharthi" time="2.373"/>
  <system-out/>
</testsuite> <!-- testngpack.NewTestselectDemo -->
