<?xml version="1.0" encoding="UTF-8"?>
<!-- Generated by org.testng.reporters.JUnitReportReporter -->
<testsuite hostname="DESKTOP-1E0P04C" failures="0" tests="1" name="testngpack.TestNGDemo" time="2.840" errors="0" timestamp="2023-01-06T21:05:11 IST" skipped="0">
  <testcase classname="testngpack.TestNGDemo" name="hotstar" time="2.840"/>
  <system-out/>
</testsuite> <!-- testngpack.TestNGDemo -->
