<?xml version="1.0" encoding="UTF-8"?>
<!-- Generated by org.testng.reporters.JUnitReportReporter -->
<testsuite hostname="DESKTOP-1E0P04C" failures="0" tests="1" name="alertboxdemo_pac.DragDrop2" time="20.211" errors="0" timestamp="2023-01-19T16:16:21 IST" skipped="0">
  <testcase classname="alertboxdemo_pac.DragDrop2" name="alert" time="20.211"/>
  <system-out/>
</testsuite> <!-- alertboxdemo_pac.DragDrop2 -->
