<?xml version="1.0" encoding="UTF-8"?>
<!-- Generated by org.testng.reporters.JUnitReportReporter -->
<testsuite hostname="DESKTOP-1E0P04C" failures="0" tests="1" name="alertboxdemo_pac.TabKey" time="14.251" errors="0" timestamp="2023-01-19T15:50:09 IST" skipped="0">
  <testcase classname="alertboxdemo_pac.TabKey" name="alert" time="14.251"/>
  <system-out/>
</testsuite> <!-- alertboxdemo_pac.TabKey -->
